<?xml version="1.0" encoding="UTF-8"?>
<!-- Generated by org.testng.reporters.JUnitReportReporter -->
<testsuite hostname="DESKTOP-05NMO44" failures="0" tests="1" name="com.tka.test.TestPage" time="5.679" errors="0" timestamp="2023-12-06T11:46:00 IST" skipped="0">
  <testcase classname="com.tka.test.TestPage" name="test" time="5.679"/>
  <system-out/>
</testsuite> <!-- com.tka.test.TestPage -->
